<?xml version="1.0" encoding="UTF-8"?>
<testsuite xmlns:xsi="http://www.w3.org/2001/XMLSchema-instance" xsi:noNamespaceSchemaLocation="https://maven.apache.org/surefire/maven-surefire-plugin/xsd/surefire-test-report-3.0.xsd" version="3.0" name="com.mycompany.registration.LoginTest" time="0.175" tests="33" errors="0" skipped="0" failures="0">
  <properties>
[...]
</properties>
  <testcase name="testReturnCellPhoneNumber" classname="com.mycompany.registration.LoginTest" time="0.048"/>
  <testcase name="testReturnLoginStatus" classname="com.mycompany.registration.LoginTest" time="0.002"/>
  <testcase name="testGetRegisteredPassword" classname="com.mycompany.registration.LoginTest" time="0.001"/>
  <testcase name="testGetLoginPassword" classname="com.mycompany.registration.LoginTest" time="0.001"/>
  <testcase name="testUsernameCorrectlyFormatted_AssertTrue" classname="com.mycompany.registration.LoginTest" time="0.007"/>
  <testcase name="testPasswordMeetsRequirements_AssertTrue" classname="com.mycompany.registration.LoginTest" time="0.002"/>
  <testcase name="testUsernameIncorrectlyFormatted_AssertFalse" classname="com.mycompany.registration.LoginTest" time="0.002"/>
  <testcase name="testLoginSuccess" classname="com.mycompany.registration.LoginTest" time="0.001"/>
  <testcase name="testLoginFail" classname="com.mycompany.registration.LoginTest" time="0.001"/>
  <testcase name="testLoginUser" classname="com.mycompany.registration.LoginTest" time="0.001"/>
  <testcase name="testCellPhoneIncorrectlyFormatted_AssertEquals" classname="com.mycompany.registration.LoginTest" time="0.004"/>
  <testcase name="testSetLoginUsername" classname="com.mycompany.registration.LoginTest" time="0.002"/>
  <testcase name="testSetRegisteredUsername" classname="com.mycompany.registration.LoginTest" time="0.001"/>
  <testcase name="testPasswordMeetsRequirements_AssertEquals" classname="com.mycompany.registration.LoginTest" time="0.002"/>
  <testcase name="testRegisterUser" classname="com.mycompany.registration.LoginTest" time="0.001"/>
  <testcase name="testCheckPasswordComplexity" classname="com.mycompany.registration.LoginTest" time="0.001"/>
  <testcase name="testCellPhoneCorrectlyFormatted_AssertEquals" classname="com.mycompany.registration.LoginTest" time="0.001"/>
  <testcase name="testSetRegisteredPhoneNumber" classname="com.mycompany.registration.LoginTest" time="0.002"/>
  <testcase name="testCheckUserName" classname="com.mycompany.registration.LoginTest" time="0.001"/>
  <testcase name="testCellPhoneCorrectlyFormatted_AssertTrue" classname="com.mycompany.registration.LoginTest" time="0.002"/>
  <testcase name="testGetRegisteredPhoneNumber" classname="com.mycompany.registration.LoginTest" time="0.001"/>
  <testcase name="testPasswordDoesNotMeetRequirements_AssertEquals" classname="com.mycompany.registration.LoginTest" time="0.001"/>
  <testcase name="testSetLoginPassword" classname="com.mycompany.registration.LoginTest" time="0.001"/>
  <testcase name="testSetRegisteredPassword" classname="com.mycompany.registration.LoginTest" time="0.001"/>
  <testcase name="testCellPhoneIncorrectlyFormatted_AssertFalse" classname="com.mycompany.registration.LoginTest" time="0.001"/>
  <testcase name="testGetRegisteredUsername" classname="com.mycompany.registration.LoginTest" time="0.001"/>
  <testcase name="testWelcomeInput" classname="com.mycompany.registration.LoginTest" time="0.001"/>
  <testcase name="testGetLoginUsername" classname="com.mycompany.registration.LoginTest" time="0.0"/>
  <testcase name="testUsernameCorrectlyFormatted_AssertEquals" classname="com.mycompany.registration.LoginTest" time="0.001"/>
  <testcase name="testAddCellPhoneNumber" classname="com.mycompany.registration.LoginTest" time="0.001"/>
  <testcase name="testUsernameIncorrectlyFormatted_AssertEquals" classname="com.mycompany.registration.LoginTest" time="0.001"/>
  <testcase name="testCheckCellPhoneNumber" classname="com.mycompany.registration.LoginTest" time="0.002"/>
  <testcase name="testPasswordDoesNotMeetRequirements_AssertFalse" classname="com.mycompany.registration.LoginTest" time="0.002"/>
</testsuite>